\BOOKMARK [1][-]{section.1}{\376\377\000I\000n\000t\000r\000o\000d\000u\000c\000t\000i\000o\000n}{}% 1
\BOOKMARK [1][-]{section.2}{\376\377\000R\000e\000l\000a\000t\000e\000d\000\040\000W\000o\000r\000k}{}% 2
\BOOKMARK [2][-]{subsection.2.1}{\376\377\000P\000r\000e\000d\000i\000c\000t\000i\000o\000n\000\040\000a\000s\000\040\000C\000o\000m\000p\000r\000e\000s\000s\000i\000o\000n}{section.2}% 3
\BOOKMARK [2][-]{subsection.2.2}{\376\377\000I\000n\000t\000e\000r\000n\000a\000l\000\040\000R\000e\000p\000r\000e\000s\000e\000n\000t\000a\000t\000i\000o\000n\000s\000\040\000o\000f\000\040\000T\000r\000u\000t\000h\000\040\000i\000n\000\040\000L\000L\000M\000s}{section.2}% 4
\BOOKMARK [2][-]{subsection.2.3}{\376\377\000E\000m\000e\000r\000g\000e\000n\000t\000\040\000W\000o\000r\000l\000d\000\040\000M\000o\000d\000e\000l\000s}{section.2}% 5
\BOOKMARK [2][-]{subsection.2.4}{\376\377\000T\000r\000u\000t\000h\000f\000u\000l\000n\000e\000s\000s\000\040\000a\000n\000d\000\040\000T\000r\000a\000i\000n\000i\000n\000g\000\040\000D\000a\000t\000a\000\040\000S\000t\000a\000t\000i\000s\000t\000i\000c\000s}{section.2}% 6
\BOOKMARK [2][-]{subsection.2.5}{\376\377\000S\000i\000m\000p\000l\000i\000c\000i\000t\000y\000\040\000B\000i\000a\000s\000,\000\040\000N\000o\000i\000s\000y\000\040\000L\000a\000b\000e\000l\000s\000,\000\040\000a\000n\000d\000\040\000G\000r\000o\000k\000k\000i\000n\000g}{section.2}% 7
\BOOKMARK [2][-]{subsection.2.6}{\376\377\000O\000u\000r\000\040\000C\000o\000n\000t\000r\000i\000b\000u\000t\000i\000o\000n}{section.2}% 8
\BOOKMARK [1][-]{section.3}{\376\377\000M\000e\000t\000h\000o\000d\000o\000l\000o\000g\000y}{}% 9
\BOOKMARK [2][-]{subsection.3.1}{\376\377\000M\000o\000d\000e\000l\000\040\000a\000n\000d\000\040\000T\000r\000a\000i\000n\000i\000n\000g}{section.3}% 10
\BOOKMARK [2][-]{subsection.3.2}{\376\377\000D\000e\000n\000o\000i\000s\000i\000n\000g\000\040\000C\000o\000r\000p\000u\000s\000\040\000D\000e\000s\000i\000g\000n}{section.3}% 11
\BOOKMARK [2][-]{subsection.3.3}{\376\377\000W\000i\000k\000i\000p\000e\000d\000i\000a\000\040\000C\000o\000r\000p\000u\000s\000\040\000D\000e\000s\000i\000g\000n}{section.3}% 12
\BOOKMARK [2][-]{subsection.3.4}{\376\377\000E\000v\000a\000l\000u\000a\000t\000i\000o\000n\000\040\000M\000e\000t\000r\000i\000c\000s}{section.3}% 13
\BOOKMARK [2][-]{subsection.3.5}{\376\377\000M\000D\000L\000\040\000H\000e\000u\000r\000i\000s\000t\000i\000c\000\040\000F\000r\000a\000m\000i\000n\000g}{section.3}% 14
\BOOKMARK [1][-]{section.4}{\376\377\000R\000e\000s\000u\000l\000t\000s}{}% 15
\BOOKMARK [2][-]{subsection.4.1}{\376\377\000J\0001\000\040\000v\000s\000\040\000J\0002\000:\000\040\000T\000h\000e\000\040\000C\000e\000n\000t\000r\000a\000l\000\040\000C\000o\000n\000t\000r\000a\000s\000t}{section.4}% 16
\BOOKMARK [2][-]{subsection.4.2}{\376\377\000J\0003\000\040\000a\000n\000d\000\040\000J\0004\000:\000\040\000N\000o\000i\000s\000e\000\040\000T\000o\000l\000e\000r\000a\000n\000c\000e}{section.4}% 17
\BOOKMARK [2][-]{subsection.4.3}{\376\377\000M\000u\000l\000t\000i\000-\000R\000u\000l\000e\000\040\000E\000r\000r\000o\000r\000s\000:\000\040\000T\000h\000e\000\040\000S\000h\000a\000r\000p\000\040\000C\000r\000o\000s\000s\000o\000v\000e\000r}{section.4}% 18
\BOOKMARK [2][-]{subsection.4.4}{\376\377\000T\000r\000a\000n\000s\000f\000e\000r\000\040\000t\000o\000\040\000R\000e\000a\000l\000\040\000T\000e\000x\000t\000:\000\040\000W\000i\000k\000i\000p\000e\000d\000i\000a}{section.4}% 19
\BOOKMARK [1][-]{section.5}{\376\377\000D\000i\000s\000c\000u\000s\000s\000i\000o\000n}{}% 20
\BOOKMARK [2][-]{subsection.5.1}{\376\377\000T\000h\000e\000\040\000C\000o\000m\000p\000r\000e\000s\000s\000i\000o\000n\040\023\000C\000o\000n\000s\000i\000s\000t\000e\000n\000c\000y\000\040\000P\000r\000i\000n\000c\000i\000p\000l\000e}{section.5}% 21
\BOOKMARK [2][-]{subsection.5.2}{\376\377\000I\000m\000p\000l\000i\000c\000a\000t\000i\000o\000n\000s}{section.5}% 22
\BOOKMARK [2][-]{subsection.5.3}{\376\377\000A\000n\000a\000l\000o\000g\000y\000\040\000w\000i\000t\000h\000\040\000P\000o\000p\000p\000e\000r\000'\000s\000\040\000F\000a\000l\000s\000i\000f\000i\000a\000b\000i\000l\000i\000t\000y}{section.5}% 23
\BOOKMARK [2][-]{subsection.5.4}{\376\377\000B\000r\000o\000a\000d\000e\000r\000\040\000I\000m\000p\000a\000c\000t}{section.5}% 24
\BOOKMARK [2][-]{subsection.5.5}{\376\377\000L\000i\000m\000i\000t\000a\000t\000i\000o\000n\000s}{section.5}% 25
\BOOKMARK [2][-]{subsection.5.6}{\376\377\000F\000u\000t\000u\000r\000e\000\040\000W\000o\000r\000k}{section.5}% 26
\BOOKMARK [1][-]{section.6}{\376\377\000C\000o\000n\000c\000l\000u\000s\000i\000o\000n}{}% 27
\BOOKMARK [1][-]{appendix.A}{\376\377\000R\000e\000p\000r\000o\000d\000u\000c\000i\000b\000i\000l\000i\000t\000y}{}% 28
\BOOKMARK [1][-]{appendix.B}{\376\377\000C\000o\000m\000p\000r\000e\000s\000s\000i\000o\000n\000\040\000M\000e\000a\000s\000u\000r\000e}{}% 29
\BOOKMARK [1][-]{appendix.C}{\376\377\000S\000t\000a\000n\000d\000a\000r\000d\000\040\000\050\000N\000o\000n\000-\000D\000e\000n\000o\000i\000s\000i\000n\000g\000\051\000\040\000E\000x\000p\000e\000r\000i\000m\000e\000n\000t\000s}{}% 30
\BOOKMARK [2][-]{subsection.C.1}{\376\377\000S\000t\000a\000n\000d\000a\000r\000d\000\040\000C\000o\000r\000p\000u\000s\000\040\000D\000e\000s\000i\000g\000n}{appendix.C}% 31
\BOOKMARK [2][-]{subsection.C.2}{\376\377\000C\000o\000m\000p\000a\000r\000i\000s\000o\000n\000\040\000w\000i\000t\000h\000\040\000D\000e\000n\000o\000i\000s\000i\000n\000g}{appendix.C}% 32
\BOOKMARK [2][-]{subsection.C.3}{\376\377\000S\000t\000a\000n\000d\000a\000r\000d\000\040\000P\000a\000i\000r\000e\000d\000\040\000B\000a\000s\000e\000l\000i\000n\000e\000s}{appendix.C}% 33
\BOOKMARK [2][-]{subsection.C.4}{\376\377\000C\000o\000r\000p\000u\000s\000-\000L\000e\000v\000e\000l\000\040\000E\000v\000a\000l\000u\000a\000t\000i\000o\000n\000\040\000a\000n\000d\000\040\000I\000t\000s\000\040\000L\000i\000m\000i\000t\000a\000t\000i\000o\000n\000s}{appendix.C}% 34
\BOOKMARK [2][-]{subsection.C.5}{\376\377\000O\000b\000s\000e\000r\000v\000a\000t\000i\000o\000n\000s\000\040\000a\000n\000d\000\040\000A\000d\000\040\000H\000o\000c\000\040\000C\000o\000r\000r\000e\000c\000t\000i\000o\000n\000\040\000\050\000E\000x\000p\000e\000r\000i\000m\000e\000n\000t\000s\000\040\0002\040\023\0003\000\051}{appendix.C}% 35
\BOOKMARK [2][-]{subsection.C.6}{\376\377\000N\000L\000L\000\040\000D\000i\000s\000t\000r\000i\000b\000u\000t\000i\000o\000n\000\040\000A\000n\000a\000l\000y\000s\000i\000s}{appendix.C}% 36
\BOOKMARK [1][-]{appendix.D}{\376\377\000A\000d\000d\000i\000t\000i\000o\000n\000a\000l\000\040\000T\000r\000a\000n\000s\000f\000e\000r\000\040\000E\000x\000p\000e\000r\000i\000m\000e\000n\000t\000s}{}% 37
\BOOKMARK [2][-]{subsection.D.1}{\376\377\000S\000y\000n\000t\000h\000e\000t\000i\000c\000\040\000W\000o\000r\000l\000d\000\040\000\050\000F\000u\000l\000l\000\040\000R\000e\000s\000u\000l\000t\000s\000\051}{appendix.D}% 38
\BOOKMARK [2][-]{subsection.D.2}{\376\377\000M\000u\000l\000t\000i\000-\000A\000l\000t\000e\000r\000n\000a\000t\000i\000v\000e\000\040\000E\000r\000r\000o\000r\000s\000\040\000i\000n\000\040\000t\000h\000e\000\040\000S\000y\000n\000t\000h\000e\000t\000i\000c\000\040\000W\000o\000r\000l\000d}{appendix.D}% 39
\BOOKMARK [2][-]{subsection.D.3}{\376\377\000C\000r\000o\000s\000s\000-\000D\000o\000m\000a\000i\000n\000\040\000F\000a\000l\000s\000i\000f\000i\000c\000a\000t\000i\000o\000n}{appendix.D}% 40
\BOOKMARK [1][-]{appendix.E}{\376\377\000B\000o\000u\000n\000d\000a\000r\000y\000\040\000C\000o\000n\000d\000i\000t\000i\000o\000n\000s\000\040\000a\000n\000d\000\040\000R\000o\000b\000u\000s\000t\000n\000e\000s\000s}{}% 41
\BOOKMARK [2][-]{subsection.E.1}{\376\377\000C\000h\000a\000i\000n\000e\000d\000\040\000V\000e\000r\000i\000f\000i\000c\000a\000t\000i\000o\000n}{appendix.E}% 42
\BOOKMARK [2][-]{subsection.E.2}{\376\377\000B\000P\000E\000\040\000T\000o\000k\000e\000n\000i\000z\000a\000t\000i\000o\000n}{appendix.E}% 43
\BOOKMARK [2][-]{subsection.E.3}{\376\377\000G\000e\000n\000e\000r\000a\000t\000i\000o\000n\000\040\000S\000a\000n\000i\000t\000y\000\040\000C\000h\000e\000c\000k}{appendix.E}% 44
\BOOKMARK [2][-]{subsection.E.4}{\376\377\000L\000e\000a\000r\000n\000i\000n\000g\000\040\000C\000u\000r\000v\000e\000s}{appendix.E}% 45
\BOOKMARK [1][-]{appendix.F}{\376\377\000J\0005\000\040\000Z\000e\000r\000o\000-\000S\000i\000g\000n\000a\000l\000\040\000B\000a\000s\000e\000l\000i\000n\000e\000\040\000\050\000E\000x\000p\000l\000o\000r\000a\000t\000o\000r\000y\000\051}{}% 46
\BOOKMARK [1][-]{appendix.G}{\376\377\000D\000e\000n\000o\000i\000s\000i\000n\000g\000\040\000E\000x\000p\000e\000r\000i\000m\000e\000n\000t\000\040\000P\000e\000r\000-\000S\000e\000e\000d\000\040\000D\000e\000t\000a\000i\000l\000s}{}% 47
